<?xml version="1.0" encoding="UTF-8"?>
<!-- Generated by org.testng.reporters.JUnitReportReporter -->
<testsuite hostname="PC-CM" name="TankLearn2.Learn.ExceptionTest" tests="1" failures="0" timestamp="8 Sep 2016 09:28:11 GMT" time="0.008" errors="0">
  <testcase name="testException" time="0.008" classname="TankLearn2.Learn.ExceptionTest"/>
</testsuite> <!-- TankLearn2.Learn.ExceptionTest -->
